[2022-11-01 23:18:12,795] INFO Reading configuration from: config/zookeeper.properties (org.apache.zookeeper.server.quorum.QuorumPeerConfig)
[2022-11-01 23:18:12,799] WARN config/zookeeper.properties is relative. Prepend ./ to indicate that you're sure! (org.apache.zookeeper.server.quorum.QuorumPeerConfig)
[2022-11-01 23:18:12,816] INFO clientPortAddress is 0.0.0.0:2181 (org.apache.zookeeper.server.quorum.QuorumPeerConfig)
[2022-11-01 23:18:12,816] INFO secureClientPort is not set (org.apache.zookeeper.server.quorum.QuorumPeerConfig)
[2022-11-01 23:18:12,817] INFO observerMasterPort is not set (org.apache.zookeeper.server.quorum.QuorumPeerConfig)
[2022-11-01 23:18:12,818] INFO metricsProvider.className is org.apache.zookeeper.metrics.impl.DefaultMetricsProvider (org.apache.zookeeper.server.quorum.QuorumPeerConfig)
[2022-11-01 23:18:12,824] INFO autopurge.snapRetainCount set to 3 (org.apache.zookeeper.server.DatadirCleanupManager)
[2022-11-01 23:18:12,825] INFO autopurge.purgeInterval set to 0 (org.apache.zookeeper.server.DatadirCleanupManager)
[2022-11-01 23:18:12,825] INFO Purge task is not scheduled. (org.apache.zookeeper.server.DatadirCleanupManager)
[2022-11-01 23:18:12,826] WARN Either no config or no quorum defined in config, running in standalone mode (org.apache.zookeeper.server.quorum.QuorumPeerMain)
[2022-11-01 23:18:12,830] INFO Log4j 1.2 jmx support not found; jmx disabled. (org.apache.zookeeper.jmx.ManagedUtil)
[2022-11-01 23:18:12,831] INFO Reading configuration from: config/zookeeper.properties (org.apache.zookeeper.server.quorum.QuorumPeerConfig)
[2022-11-01 23:18:12,832] WARN config/zookeeper.properties is relative. Prepend ./ to indicate that you're sure! (org.apache.zookeeper.server.quorum.QuorumPeerConfig)
[2022-11-01 23:18:12,840] INFO clientPortAddress is 0.0.0.0:2181 (org.apache.zookeeper.server.quorum.QuorumPeerConfig)
[2022-11-01 23:18:12,840] INFO secureClientPort is not set (org.apache.zookeeper.server.quorum.QuorumPeerConfig)
[2022-11-01 23:18:12,841] INFO observerMasterPort is not set (org.apache.zookeeper.server.quorum.QuorumPeerConfig)
[2022-11-01 23:18:12,842] INFO metricsProvider.className is org.apache.zookeeper.metrics.impl.DefaultMetricsProvider (org.apache.zookeeper.server.quorum.QuorumPeerConfig)
[2022-11-01 23:18:12,843] INFO Starting server (org.apache.zookeeper.server.ZooKeeperServerMain)
[2022-11-01 23:18:12,882] INFO ServerMetrics initialized with provider org.apache.zookeeper.metrics.impl.DefaultMetricsProvider@35fb3008 (org.apache.zookeeper.server.ServerMetrics)
[2022-11-01 23:18:12,893] INFO zookeeper.snapshot.trust.empty : false (org.apache.zookeeper.server.persistence.FileTxnSnapLog)
[2022-11-01 23:18:12,931] INFO  (org.apache.zookeeper.server.ZooKeeperServer)
[2022-11-01 23:18:12,931] INFO   ______                  _                                           (org.apache.zookeeper.server.ZooKeeperServer)
[2022-11-01 23:18:12,932] INFO  |___  /                 | |                                          (org.apache.zookeeper.server.ZooKeeperServer)
[2022-11-01 23:18:12,933] INFO     / /    ___     ___   | | __   ___    ___   _ __     ___   _ __    (org.apache.zookeeper.server.ZooKeeperServer)
[2022-11-01 23:18:12,933] INFO    / /    / _ \   / _ \  | |/ /  / _ \  / _ \ | '_ \   / _ \ | '__| (org.apache.zookeeper.server.ZooKeeperServer)
[2022-11-01 23:18:12,934] INFO   / /__  | (_) | | (_) | |   <  |  __/ |  __/ | |_) | |  __/ | |     (org.apache.zookeeper.server.ZooKeeperServer)
[2022-11-01 23:18:12,935] INFO  /_____|  \___/   \___/  |_|\_\  \___|  \___| | .__/   \___| |_| (org.apache.zookeeper.server.ZooKeeperServer)
[2022-11-01 23:18:12,935] INFO                                               | |                      (org.apache.zookeeper.server.ZooKeeperServer)
[2022-11-01 23:18:12,936] INFO                                               |_|                      (org.apache.zookeeper.server.ZooKeeperServer)
[2022-11-01 23:18:12,936] INFO  (org.apache.zookeeper.server.ZooKeeperServer)
[2022-11-01 23:18:12,942] INFO Server environment:zookeeper.version=3.6.3--6401e4ad2087061bc6b9f80dec2d69f2e3c8660a, built on 04/08/2021 16:35 GMT (org.apache.zookeeper.server.ZooKeeperServer)
[2022-11-01 23:18:12,942] INFO Server environment:host.name=LAPTOP-M6PEL45O.localdomain (org.apache.zookeeper.server.ZooKeeperServer)
[2022-11-01 23:18:12,943] INFO Server environment:java.version=1.8.0_342 (org.apache.zookeeper.server.ZooKeeperServer)
[2022-11-01 23:18:12,943] INFO Server environment:java.vendor=Private Build (org.apache.zookeeper.server.ZooKeeperServer)
[2022-11-01 23:18:12,944] INFO Server environment:java.home=/usr/lib/jvm/java-8-openjdk-amd64/jre (org.apache.zookeeper.server.ZooKeeperServer)
[2022-11-01 23:18:12,945] INFO Server environment:java.class.path=/c/kafka_2.13-3.3.1/bin/../libs/activation-1.1.1.jar:/c/kafka_2.13-3.3.1/bin/../libs/aopalliance-repackaged-2.6.1.jar:/c/kafka_2.13-3.3.1/bin/../libs/argparse4j-0.7.0.jar:/c/kafka_2.13-3.3.1/bin/../libs/audience-annotations-0.5.0.jar:/c/kafka_2.13-3.3.1/bin/../libs/commons-cli-1.4.jar:/c/kafka_2.13-3.3.1/bin/../libs/commons-lang3-3.12.0.jar:/c/kafka_2.13-3.3.1/bin/../libs/commons-lang3-3.8.1.jar:/c/kafka_2.13-3.3.1/bin/../libs/connect-api-3.3.1.jar:/c/kafka_2.13-3.3.1/bin/../libs/connect-basic-auth-extension-3.3.1.jar:/c/kafka_2.13-3.3.1/bin/../libs/connect-json-3.3.1.jar:/c/kafka_2.13-3.3.1/bin/../libs/connect-mirror-3.3.1.jar:/c/kafka_2.13-3.3.1/bin/../libs/connect-mirror-client-3.3.1.jar:/c/kafka_2.13-3.3.1/bin/../libs/connect-runtime-3.3.1.jar:/c/kafka_2.13-3.3.1/bin/../libs/connect-transforms-3.3.1.jar:/c/kafka_2.13-3.3.1/bin/../libs/hk2-api-2.6.1.jar:/c/kafka_2.13-3.3.1/bin/../libs/hk2-locator-2.6.1.jar:/c/kafka_2.13-3.3.1/bin/../libs/hk2-utils-2.6.1.jar:/c/kafka_2.13-3.3.1/bin/../libs/jackson-annotations-2.13.3.jar:/c/kafka_2.13-3.3.1/bin/../libs/jackson-core-2.13.3.jar:/c/kafka_2.13-3.3.1/bin/../libs/jackson-databind-2.13.3.jar:/c/kafka_2.13-3.3.1/bin/../libs/jackson-dataformat-csv-2.13.3.jar:/c/kafka_2.13-3.3.1/bin/../libs/jackson-datatype-jdk8-2.13.3.jar:/c/kafka_2.13-3.3.1/bin/../libs/jackson-jaxrs-base-2.13.3.jar:/c/kafka_2.13-3.3.1/bin/../libs/jackson-jaxrs-json-provider-2.13.3.jar:/c/kafka_2.13-3.3.1/bin/../libs/jackson-module-jaxb-annotations-2.13.3.jar:/c/kafka_2.13-3.3.1/bin/../libs/jackson-module-scala_2.13-2.13.3.jar:/c/kafka_2.13-3.3.1/bin/../libs/jakarta.activation-api-1.2.2.jar:/c/kafka_2.13-3.3.1/bin/../libs/jakarta.annotation-api-1.3.5.jar:/c/kafka_2.13-3.3.1/bin/../libs/jakarta.inject-2.6.1.jar:/c/kafka_2.13-3.3.1/bin/../libs/jakarta.validation-api-2.0.2.jar:/c/kafka_2.13-3.3.1/bin/../libs/jakarta.ws.rs-api-2.1.6.jar:/c/kafka_2.13-3.3.1/bin/../libs/jakarta.xml.bind-api-2.3.3.jar:/c/kafka_2.13-3.3.1/bin/../libs/javassist-3.27.0-GA.jar:/c/kafka_2.13-3.3.1/bin/../libs/javax.servlet-api-3.1.0.jar:/c/kafka_2.13-3.3.1/bin/../libs/javax.ws.rs-api-2.1.1.jar:/c/kafka_2.13-3.3.1/bin/../libs/jaxb-api-2.3.0.jar:/c/kafka_2.13-3.3.1/bin/../libs/jersey-client-2.34.jar:/c/kafka_2.13-3.3.1/bin/../libs/jersey-common-2.34.jar:/c/kafka_2.13-3.3.1/bin/../libs/jersey-container-servlet-2.34.jar:/c/kafka_2.13-3.3.1/bin/../libs/jersey-container-servlet-core-2.34.jar:/c/kafka_2.13-3.3.1/bin/../libs/jersey-hk2-2.34.jar:/c/kafka_2.13-3.3.1/bin/../libs/jersey-server-2.34.jar:/c/kafka_2.13-3.3.1/bin/../libs/jetty-client-9.4.48.v20220622.jar:/c/kafka_2.13-3.3.1/bin/../libs/jetty-continuation-9.4.48.v20220622.jar:/c/kafka_2.13-3.3.1/bin/../libs/jetty-http-9.4.48.v20220622.jar:/c/kafka_2.13-3.3.1/bin/../libs/jetty-io-9.4.48.v20220622.jar:/c/kafka_2.13-3.3.1/bin/../libs/jetty-security-9.4.48.v20220622.jar:/c/kafka_2.13-3.3.1/bin/../libs/jetty-server-9.4.48.v20220622.jar:/c/kafka_2.13-3.3.1/bin/../libs/jetty-servlet-9.4.48.v20220622.jar:/c/kafka_2.13-3.3.1/bin/../libs/jetty-servlets-9.4.48.v20220622.jar:/c/kafka_2.13-3.3.1/bin/../libs/jetty-util-9.4.48.v20220622.jar:/c/kafka_2.13-3.3.1/bin/../libs/jetty-util-ajax-9.4.48.v20220622.jar:/c/kafka_2.13-3.3.1/bin/../libs/jline-3.21.0.jar:/c/kafka_2.13-3.3.1/bin/../libs/jopt-simple-5.0.4.jar:/c/kafka_2.13-3.3.1/bin/../libs/jose4j-0.7.9.jar:/c/kafka_2.13-3.3.1/bin/../libs/kafka_2.13-3.3.1.jar:/c/kafka_2.13-3.3.1/bin/../libs/kafka-clients-3.3.1.jar:/c/kafka_2.13-3.3.1/bin/../libs/kafka-log4j-appender-3.3.1.jar:/c/kafka_2.13-3.3.1/bin/../libs/kafka-metadata-3.3.1.jar:/c/kafka_2.13-3.3.1/bin/../libs/kafka-raft-3.3.1.jar:/c/kafka_2.13-3.3.1/bin/../libs/kafka-server-common-3.3.1.jar:/c/kafka_2.13-3.3.1/bin/../libs/kafka-shell-3.3.1.jar:/c/kafka_2.13-3.3.1/bin/../libs/kafka-storage-3.3.1.jar:/c/kafka_2.13-3.3.1/bin/../libs/kafka-storage-api-3.3.1.jar:/c/kafka_2.13-3.3.1/bin/../libs/kafka-streams-3.3.1.jar:/c/kafka_2.13-3.3.1/bin/../libs/kafka-streams-examples-3.3.1.jar:/c/kafka_2.13-3.3.1/bin/../libs/kafka-streams-scala_2.13-3.3.1.jar:/c/kafka_2.13-3.3.1/bin/../libs/kafka-streams-test-utils-3.3.1.jar:/c/kafka_2.13-3.3.1/bin/../libs/kafka-tools-3.3.1.jar:/c/kafka_2.13-3.3.1/bin/../libs/lz4-java-1.8.0.jar:/c/kafka_2.13-3.3.1/bin/../libs/maven-artifact-3.8.4.jar:/c/kafka_2.13-3.3.1/bin/../libs/metrics-core-2.2.0.jar:/c/kafka_2.13-3.3.1/bin/../libs/metrics-core-4.1.12.1.jar:/c/kafka_2.13-3.3.1/bin/../libs/netty-buffer-4.1.78.Final.jar:/c/kafka_2.13-3.3.1/bin/../libs/netty-codec-4.1.78.Final.jar:/c/kafka_2.13-3.3.1/bin/../libs/netty-common-4.1.78.Final.jar:/c/kafka_2.13-3.3.1/bin/../libs/netty-handler-4.1.78.Final.jar:/c/kafka_2.13-3.3.1/bin/../libs/netty-resolver-4.1.78.Final.jar:/c/kafka_2.13-3.3.1/bin/../libs/netty-transport-4.1.78.Final.jar:/c/kafka_2.13-3.3.1/bin/../libs/netty-transport-classes-epoll-4.1.78.Final.jar:/c/kafka_2.13-3.3.1/bin/../libs/netty-transport-native-epoll-4.1.78.Final.jar:/c/kafka_2.13-3.3.1/bin/../libs/netty-transport-native-unix-common-4.1.78.Final.jar:/c/kafka_2.13-3.3.1/bin/../libs/osgi-resource-locator-1.0.3.jar:/c/kafka_2.13-3.3.1/bin/../libs/paranamer-2.8.jar:/c/kafka_2.13-3.3.1/bin/../libs/plexus-utils-3.3.0.jar:/c/kafka_2.13-3.3.1/bin/../libs/reflections-0.9.12.jar:/c/kafka_2.13-3.3.1/bin/../libs/reload4j-1.2.19.jar:/c/kafka_2.13-3.3.1/bin/../libs/rocksdbjni-6.29.4.1.jar:/c/kafka_2.13-3.3.1/bin/../libs/scala-collection-compat_2.13-2.6.0.jar:/c/kafka_2.13-3.3.1/bin/../libs/scala-java8-compat_2.13-1.0.2.jar:/c/kafka_2.13-3.3.1/bin/../libs/scala-library-2.13.8.jar:/c/kafka_2.13-3.3.1/bin/../libs/scala-logging_2.13-3.9.4.jar:/c/kafka_2.13-3.3.1/bin/../libs/scala-reflect-2.13.8.jar:/c/kafka_2.13-3.3.1/bin/../libs/slf4j-api-1.7.36.jar:/c/kafka_2.13-3.3.1/bin/../libs/slf4j-reload4j-1.7.36.jar:/c/kafka_2.13-3.3.1/bin/../libs/snappy-java-1.1.8.4.jar:/c/kafka_2.13-3.3.1/bin/../libs/swagger-annotations-2.2.0.jar:/c/kafka_2.13-3.3.1/bin/../libs/trogdor-3.3.1.jar:/c/kafka_2.13-3.3.1/bin/../libs/zookeeper-3.6.3.jar:/c/kafka_2.13-3.3.1/bin/../libs/zookeeper-jute-3.6.3.jar:/c/kafka_2.13-3.3.1/bin/../libs/zstd-jni-1.5.2-1.jar (org.apache.zookeeper.server.ZooKeeperServer)
[2022-11-01 23:18:12,946] INFO Server environment:java.library.path=/usr/java/packages/lib/amd64:/usr/lib/x86_64-linux-gnu/jni:/lib/x86_64-linux-gnu:/usr/lib/x86_64-linux-gnu:/usr/lib/jni:/lib:/usr/lib (org.apache.zookeeper.server.ZooKeeperServer)
[2022-11-01 23:18:12,947] INFO Server environment:java.io.tmpdir=/tmp (org.apache.zookeeper.server.ZooKeeperServer)
[2022-11-01 23:18:12,948] INFO Server environment:java.compiler=<NA> (org.apache.zookeeper.server.ZooKeeperServer)
[2022-11-01 23:18:12,948] INFO Server environment:os.name=Linux (org.apache.zookeeper.server.ZooKeeperServer)
[2022-11-01 23:18:12,949] INFO Server environment:os.arch=amd64 (org.apache.zookeeper.server.ZooKeeperServer)
[2022-11-01 23:18:12,950] INFO Server environment:os.version=5.10.16.3-microsoft-standard-WSL2 (org.apache.zookeeper.server.ZooKeeperServer)
[2022-11-01 23:18:12,950] INFO Server environment:user.name=root (org.apache.zookeeper.server.ZooKeeperServer)
[2022-11-01 23:18:12,951] INFO Server environment:user.home=/root (org.apache.zookeeper.server.ZooKeeperServer)
[2022-11-01 23:18:12,951] INFO Server environment:user.dir=/c/kafka_2.13-3.3.1 (org.apache.zookeeper.server.ZooKeeperServer)
[2022-11-01 23:18:12,952] INFO Server environment:os.memory.free=493MB (org.apache.zookeeper.server.ZooKeeperServer)
[2022-11-01 23:18:12,953] INFO Server environment:os.memory.max=512MB (org.apache.zookeeper.server.ZooKeeperServer)
[2022-11-01 23:18:12,953] INFO Server environment:os.memory.total=512MB (org.apache.zookeeper.server.ZooKeeperServer)
[2022-11-01 23:18:12,954] INFO zookeeper.enableEagerACLCheck = false (org.apache.zookeeper.server.ZooKeeperServer)
[2022-11-01 23:18:12,955] INFO zookeeper.digest.enabled = true (org.apache.zookeeper.server.ZooKeeperServer)
[2022-11-01 23:18:12,956] INFO zookeeper.closeSessionTxn.enabled = true (org.apache.zookeeper.server.ZooKeeperServer)
[2022-11-01 23:18:12,957] INFO zookeeper.flushDelay=0 (org.apache.zookeeper.server.ZooKeeperServer)
[2022-11-01 23:18:12,957] INFO zookeeper.maxWriteQueuePollTime=0 (org.apache.zookeeper.server.ZooKeeperServer)
[2022-11-01 23:18:12,958] INFO zookeeper.maxBatchSize=1000 (org.apache.zookeeper.server.ZooKeeperServer)
[2022-11-01 23:18:12,958] INFO zookeeper.intBufferStartingSizeBytes = 1024 (org.apache.zookeeper.server.ZooKeeperServer)
[2022-11-01 23:18:12,962] INFO Weighed connection throttling is disabled (org.apache.zookeeper.server.BlueThrottle)
[2022-11-01 23:18:12,968] INFO minSessionTimeout set to 6000 (org.apache.zookeeper.server.ZooKeeperServer)
[2022-11-01 23:18:12,969] INFO maxSessionTimeout set to 60000 (org.apache.zookeeper.server.ZooKeeperServer)
[2022-11-01 23:18:12,973] INFO Response cache size is initialized with value 400. (org.apache.zookeeper.server.ResponseCache)
[2022-11-01 23:18:12,974] INFO Response cache size is initialized with value 400. (org.apache.zookeeper.server.ResponseCache)
[2022-11-01 23:18:12,977] INFO zookeeper.pathStats.slotCapacity = 60 (org.apache.zookeeper.server.util.RequestPathMetricsCollector)
[2022-11-01 23:18:12,978] INFO zookeeper.pathStats.slotDuration = 15 (org.apache.zookeeper.server.util.RequestPathMetricsCollector)
[2022-11-01 23:18:12,979] INFO zookeeper.pathStats.maxDepth = 6 (org.apache.zookeeper.server.util.RequestPathMetricsCollector)
[2022-11-01 23:18:12,979] INFO zookeeper.pathStats.initialDelay = 5 (org.apache.zookeeper.server.util.RequestPathMetricsCollector)
[2022-11-01 23:18:12,980] INFO zookeeper.pathStats.delay = 5 (org.apache.zookeeper.server.util.RequestPathMetricsCollector)
[2022-11-01 23:18:12,980] INFO zookeeper.pathStats.enabled = false (org.apache.zookeeper.server.util.RequestPathMetricsCollector)
[2022-11-01 23:18:12,985] INFO The max bytes for all large requests are set to 104857600 (org.apache.zookeeper.server.ZooKeeperServer)
[2022-11-01 23:18:12,986] INFO The large request threshold is set to -1 (org.apache.zookeeper.server.ZooKeeperServer)
[2022-11-01 23:18:12,987] INFO Created server with tickTime 3000 minSessionTimeout 6000 maxSessionTimeout 60000 clientPortListenBacklog -1 datadir /c/kafka_2.13-3.3.1/data/zookeeper/version-2 snapdir /c/kafka_2.13-3.3.1/data/zookeeper/version-2 (org.apache.zookeeper.server.ZooKeeperServer)
[2022-11-01 23:18:13,012] INFO Using org.apache.zookeeper.server.NIOServerCnxnFactory as server connection factory (org.apache.zookeeper.server.ServerCnxnFactory)
[2022-11-01 23:18:13,015] WARN maxCnxns is not configured, using default value 0. (org.apache.zookeeper.server.ServerCnxnFactory)
[2022-11-01 23:18:13,021] INFO Configuring NIO connection handler with 10s sessionless connection timeout, 2 selector thread(s), 24 worker threads, and 64 kB direct buffers. (org.apache.zookeeper.server.NIOServerCnxnFactory)
[2022-11-01 23:18:13,029] INFO binding to port 0.0.0.0/0.0.0.0:2181 (org.apache.zookeeper.server.NIOServerCnxnFactory)
[2022-11-01 23:18:13,070] INFO Using org.apache.zookeeper.server.watch.WatchManager as watch manager (org.apache.zookeeper.server.watch.WatchManagerFactory)
[2022-11-01 23:18:13,071] INFO Using org.apache.zookeeper.server.watch.WatchManager as watch manager (org.apache.zookeeper.server.watch.WatchManagerFactory)
[2022-11-01 23:18:13,072] INFO zookeeper.snapshotSizeFactor = 0.33 (org.apache.zookeeper.server.ZKDatabase)
[2022-11-01 23:18:13,072] INFO zookeeper.commitLogCount=500 (org.apache.zookeeper.server.ZKDatabase)
[2022-11-01 23:18:13,124] INFO zookeeper.snapshot.compression.method = CHECKED (org.apache.zookeeper.server.persistence.SnapStream)
[2022-11-01 23:18:13,125] INFO Snapshotting: 0x0 to /c/kafka_2.13-3.3.1/data/zookeeper/version-2/snapshot.0 (org.apache.zookeeper.server.persistence.FileTxnSnapLog)
[2022-11-01 23:18:13,140] INFO Snapshot loaded in 66 ms, highest zxid is 0x0, digest is 1371985504 (org.apache.zookeeper.server.ZKDatabase)
[2022-11-01 23:18:13,141] INFO Snapshotting: 0x0 to /c/kafka_2.13-3.3.1/data/zookeeper/version-2/snapshot.0 (org.apache.zookeeper.server.persistence.FileTxnSnapLog)
[2022-11-01 23:18:13,149] INFO Snapshot taken in 8 ms (org.apache.zookeeper.server.ZooKeeperServer)
[2022-11-01 23:18:13,185] INFO PrepRequestProcessor (sid:0) started, reconfigEnabled=false (org.apache.zookeeper.server.PrepRequestProcessor)
[2022-11-01 23:18:13,187] INFO zookeeper.request_throttler.shutdownTimeout = 10000 (org.apache.zookeeper.server.RequestThrottler)
[2022-11-01 23:18:13,218] INFO Using checkIntervalMs=60000 maxPerMinute=10000 maxNeverUsedIntervalMs=0 (org.apache.zookeeper.server.ContainerManager)
[2022-11-01 23:18:13,220] INFO ZooKeeper audit is disabled. (org.apache.zookeeper.audit.ZKAuditProvider)
[2022-11-01 23:19:47,241] INFO Registered kafka:type=kafka.Log4jController MBean (kafka.utils.Log4jControllerRegistration$)
[2022-11-01 23:19:47,770] INFO Setting -D jdk.tls.rejectClientInitiatedRenegotiation=true to disable client-initiated TLS renegotiation (org.apache.zookeeper.common.X509Util)
[2022-11-01 23:19:47,946] INFO Registered signal handlers for TERM, INT, HUP (org.apache.kafka.common.utils.LoggingSignalHandler)
[2022-11-01 23:19:47,949] INFO starting (kafka.server.KafkaServer)
[2022-11-01 23:19:47,950] INFO Connecting to zookeeper on localhost:2181 (kafka.server.KafkaServer)
[2022-11-01 23:19:47,975] INFO [ZooKeeperClient Kafka server] Initializing a new session to localhost:2181. (kafka.zookeeper.ZooKeeperClient)
[2022-11-01 23:19:47,989] INFO Client environment:zookeeper.version=3.6.3--6401e4ad2087061bc6b9f80dec2d69f2e3c8660a, built on 04/08/2021 16:35 GMT (org.apache.zookeeper.ZooKeeper)
[2022-11-01 23:19:47,989] INFO Client environment:host.name=LAPTOP-M6PEL45O.localdomain (org.apache.zookeeper.ZooKeeper)
[2022-11-01 23:19:47,990] INFO Client environment:java.version=1.8.0_342 (org.apache.zookeeper.ZooKeeper)
[2022-11-01 23:19:47,990] INFO Client environment:java.vendor=Private Build (org.apache.zookeeper.ZooKeeper)
[2022-11-01 23:19:47,991] INFO Client environment:java.home=/usr/lib/jvm/java-8-openjdk-amd64/jre (org.apache.zookeeper.ZooKeeper)
[2022-11-01 23:19:47,991] INFO Client environment:java.class.path=/c/kafka_2.13-3.3.1/bin/../libs/activation-1.1.1.jar:/c/kafka_2.13-3.3.1/bin/../libs/aopalliance-repackaged-2.6.1.jar:/c/kafka_2.13-3.3.1/bin/../libs/argparse4j-0.7.0.jar:/c/kafka_2.13-3.3.1/bin/../libs/audience-annotations-0.5.0.jar:/c/kafka_2.13-3.3.1/bin/../libs/commons-cli-1.4.jar:/c/kafka_2.13-3.3.1/bin/../libs/commons-lang3-3.12.0.jar:/c/kafka_2.13-3.3.1/bin/../libs/commons-lang3-3.8.1.jar:/c/kafka_2.13-3.3.1/bin/../libs/connect-api-3.3.1.jar:/c/kafka_2.13-3.3.1/bin/../libs/connect-basic-auth-extension-3.3.1.jar:/c/kafka_2.13-3.3.1/bin/../libs/connect-json-3.3.1.jar:/c/kafka_2.13-3.3.1/bin/../libs/connect-mirror-3.3.1.jar:/c/kafka_2.13-3.3.1/bin/../libs/connect-mirror-client-3.3.1.jar:/c/kafka_2.13-3.3.1/bin/../libs/connect-runtime-3.3.1.jar:/c/kafka_2.13-3.3.1/bin/../libs/connect-transforms-3.3.1.jar:/c/kafka_2.13-3.3.1/bin/../libs/hk2-api-2.6.1.jar:/c/kafka_2.13-3.3.1/bin/../libs/hk2-locator-2.6.1.jar:/c/kafka_2.13-3.3.1/bin/../libs/hk2-utils-2.6.1.jar:/c/kafka_2.13-3.3.1/bin/../libs/jackson-annotations-2.13.3.jar:/c/kafka_2.13-3.3.1/bin/../libs/jackson-core-2.13.3.jar:/c/kafka_2.13-3.3.1/bin/../libs/jackson-databind-2.13.3.jar:/c/kafka_2.13-3.3.1/bin/../libs/jackson-dataformat-csv-2.13.3.jar:/c/kafka_2.13-3.3.1/bin/../libs/jackson-datatype-jdk8-2.13.3.jar:/c/kafka_2.13-3.3.1/bin/../libs/jackson-jaxrs-base-2.13.3.jar:/c/kafka_2.13-3.3.1/bin/../libs/jackson-jaxrs-json-provider-2.13.3.jar:/c/kafka_2.13-3.3.1/bin/../libs/jackson-module-jaxb-annotations-2.13.3.jar:/c/kafka_2.13-3.3.1/bin/../libs/jackson-module-scala_2.13-2.13.3.jar:/c/kafka_2.13-3.3.1/bin/../libs/jakarta.activation-api-1.2.2.jar:/c/kafka_2.13-3.3.1/bin/../libs/jakarta.annotation-api-1.3.5.jar:/c/kafka_2.13-3.3.1/bin/../libs/jakarta.inject-2.6.1.jar:/c/kafka_2.13-3.3.1/bin/../libs/jakarta.validation-api-2.0.2.jar:/c/kafka_2.13-3.3.1/bin/../libs/jakarta.ws.rs-api-2.1.6.jar:/c/kafka_2.13-3.3.1/bin/../libs/jakarta.xml.bind-api-2.3.3.jar:/c/kafka_2.13-3.3.1/bin/../libs/javassist-3.27.0-GA.jar:/c/kafka_2.13-3.3.1/bin/../libs/javax.servlet-api-3.1.0.jar:/c/kafka_2.13-3.3.1/bin/../libs/javax.ws.rs-api-2.1.1.jar:/c/kafka_2.13-3.3.1/bin/../libs/jaxb-api-2.3.0.jar:/c/kafka_2.13-3.3.1/bin/../libs/jersey-client-2.34.jar:/c/kafka_2.13-3.3.1/bin/../libs/jersey-common-2.34.jar:/c/kafka_2.13-3.3.1/bin/../libs/jersey-container-servlet-2.34.jar:/c/kafka_2.13-3.3.1/bin/../libs/jersey-container-servlet-core-2.34.jar:/c/kafka_2.13-3.3.1/bin/../libs/jersey-hk2-2.34.jar:/c/kafka_2.13-3.3.1/bin/../libs/jersey-server-2.34.jar:/c/kafka_2.13-3.3.1/bin/../libs/jetty-client-9.4.48.v20220622.jar:/c/kafka_2.13-3.3.1/bin/../libs/jetty-continuation-9.4.48.v20220622.jar:/c/kafka_2.13-3.3.1/bin/../libs/jetty-http-9.4.48.v20220622.jar:/c/kafka_2.13-3.3.1/bin/../libs/jetty-io-9.4.48.v20220622.jar:/c/kafka_2.13-3.3.1/bin/../libs/jetty-security-9.4.48.v20220622.jar:/c/kafka_2.13-3.3.1/bin/../libs/jetty-server-9.4.48.v20220622.jar:/c/kafka_2.13-3.3.1/bin/../libs/jetty-servlet-9.4.48.v20220622.jar:/c/kafka_2.13-3.3.1/bin/../libs/jetty-servlets-9.4.48.v20220622.jar:/c/kafka_2.13-3.3.1/bin/../libs/jetty-util-9.4.48.v20220622.jar:/c/kafka_2.13-3.3.1/bin/../libs/jetty-util-ajax-9.4.48.v20220622.jar:/c/kafka_2.13-3.3.1/bin/../libs/jline-3.21.0.jar:/c/kafka_2.13-3.3.1/bin/../libs/jopt-simple-5.0.4.jar:/c/kafka_2.13-3.3.1/bin/../libs/jose4j-0.7.9.jar:/c/kafka_2.13-3.3.1/bin/../libs/kafka_2.13-3.3.1.jar:/c/kafka_2.13-3.3.1/bin/../libs/kafka-clients-3.3.1.jar:/c/kafka_2.13-3.3.1/bin/../libs/kafka-log4j-appender-3.3.1.jar:/c/kafka_2.13-3.3.1/bin/../libs/kafka-metadata-3.3.1.jar:/c/kafka_2.13-3.3.1/bin/../libs/kafka-raft-3.3.1.jar:/c/kafka_2.13-3.3.1/bin/../libs/kafka-server-common-3.3.1.jar:/c/kafka_2.13-3.3.1/bin/../libs/kafka-shell-3.3.1.jar:/c/kafka_2.13-3.3.1/bin/../libs/kafka-storage-3.3.1.jar:/c/kafka_2.13-3.3.1/bin/../libs/kafka-storage-api-3.3.1.jar:/c/kafka_2.13-3.3.1/bin/../libs/kafka-streams-3.3.1.jar:/c/kafka_2.13-3.3.1/bin/../libs/kafka-streams-examples-3.3.1.jar:/c/kafka_2.13-3.3.1/bin/../libs/kafka-streams-scala_2.13-3.3.1.jar:/c/kafka_2.13-3.3.1/bin/../libs/kafka-streams-test-utils-3.3.1.jar:/c/kafka_2.13-3.3.1/bin/../libs/kafka-tools-3.3.1.jar:/c/kafka_2.13-3.3.1/bin/../libs/lz4-java-1.8.0.jar:/c/kafka_2.13-3.3.1/bin/../libs/maven-artifact-3.8.4.jar:/c/kafka_2.13-3.3.1/bin/../libs/metrics-core-2.2.0.jar:/c/kafka_2.13-3.3.1/bin/../libs/metrics-core-4.1.12.1.jar:/c/kafka_2.13-3.3.1/bin/../libs/netty-buffer-4.1.78.Final.jar:/c/kafka_2.13-3.3.1/bin/../libs/netty-codec-4.1.78.Final.jar:/c/kafka_2.13-3.3.1/bin/../libs/netty-common-4.1.78.Final.jar:/c/kafka_2.13-3.3.1/bin/../libs/netty-handler-4.1.78.Final.jar:/c/kafka_2.13-3.3.1/bin/../libs/netty-resolver-4.1.78.Final.jar:/c/kafka_2.13-3.3.1/bin/../libs/netty-transport-4.1.78.Final.jar:/c/kafka_2.13-3.3.1/bin/../libs/netty-transport-classes-epoll-4.1.78.Final.jar:/c/kafka_2.13-3.3.1/bin/../libs/netty-transport-native-epoll-4.1.78.Final.jar:/c/kafka_2.13-3.3.1/bin/../libs/netty-transport-native-unix-common-4.1.78.Final.jar:/c/kafka_2.13-3.3.1/bin/../libs/osgi-resource-locator-1.0.3.jar:/c/kafka_2.13-3.3.1/bin/../libs/paranamer-2.8.jar:/c/kafka_2.13-3.3.1/bin/../libs/plexus-utils-3.3.0.jar:/c/kafka_2.13-3.3.1/bin/../libs/reflections-0.9.12.jar:/c/kafka_2.13-3.3.1/bin/../libs/reload4j-1.2.19.jar:/c/kafka_2.13-3.3.1/bin/../libs/rocksdbjni-6.29.4.1.jar:/c/kafka_2.13-3.3.1/bin/../libs/scala-collection-compat_2.13-2.6.0.jar:/c/kafka_2.13-3.3.1/bin/../libs/scala-java8-compat_2.13-1.0.2.jar:/c/kafka_2.13-3.3.1/bin/../libs/scala-library-2.13.8.jar:/c/kafka_2.13-3.3.1/bin/../libs/scala-logging_2.13-3.9.4.jar:/c/kafka_2.13-3.3.1/bin/../libs/scala-reflect-2.13.8.jar:/c/kafka_2.13-3.3.1/bin/../libs/slf4j-api-1.7.36.jar:/c/kafka_2.13-3.3.1/bin/../libs/slf4j-reload4j-1.7.36.jar:/c/kafka_2.13-3.3.1/bin/../libs/snappy-java-1.1.8.4.jar:/c/kafka_2.13-3.3.1/bin/../libs/swagger-annotations-2.2.0.jar:/c/kafka_2.13-3.3.1/bin/../libs/trogdor-3.3.1.jar:/c/kafka_2.13-3.3.1/bin/../libs/zookeeper-3.6.3.jar:/c/kafka_2.13-3.3.1/bin/../libs/zookeeper-jute-3.6.3.jar:/c/kafka_2.13-3.3.1/bin/../libs/zstd-jni-1.5.2-1.jar (org.apache.zookeeper.ZooKeeper)
[2022-11-01 23:19:47,992] INFO Client environment:java.library.path=/usr/java/packages/lib/amd64:/usr/lib/x86_64-linux-gnu/jni:/lib/x86_64-linux-gnu:/usr/lib/x86_64-linux-gnu:/usr/lib/jni:/lib:/usr/lib (org.apache.zookeeper.ZooKeeper)
[2022-11-01 23:19:47,992] INFO Client environment:java.io.tmpdir=/tmp (org.apache.zookeeper.ZooKeeper)
[2022-11-01 23:19:47,993] INFO Client environment:java.compiler=<NA> (org.apache.zookeeper.ZooKeeper)
[2022-11-01 23:19:47,993] INFO Client environment:os.name=Linux (org.apache.zookeeper.ZooKeeper)
[2022-11-01 23:19:47,994] INFO Client environment:os.arch=amd64 (org.apache.zookeeper.ZooKeeper)
[2022-11-01 23:19:47,994] INFO Client environment:os.version=5.10.16.3-microsoft-standard-WSL2 (org.apache.zookeeper.ZooKeeper)
[2022-11-01 23:19:47,994] INFO Client environment:user.name=root (org.apache.zookeeper.ZooKeeper)
[2022-11-01 23:19:47,995] INFO Client environment:user.home=/root (org.apache.zookeeper.ZooKeeper)
[2022-11-01 23:19:47,995] INFO Client environment:user.dir=/c/kafka_2.13-3.3.1 (org.apache.zookeeper.ZooKeeper)
[2022-11-01 23:19:47,996] INFO Client environment:os.memory.free=1009MB (org.apache.zookeeper.ZooKeeper)
[2022-11-01 23:19:47,996] INFO Client environment:os.memory.max=1024MB (org.apache.zookeeper.ZooKeeper)
[2022-11-01 23:19:47,997] INFO Client environment:os.memory.total=1024MB (org.apache.zookeeper.ZooKeeper)
[2022-11-01 23:19:48,001] INFO Initiating client connection, connectString=localhost:2181 sessionTimeout=18000 watcher=kafka.zookeeper.ZooKeeperClient$ZooKeeperClientWatcher$@459e9125 (org.apache.zookeeper.ZooKeeper)
[2022-11-01 23:19:48,009] INFO jute.maxbuffer value is 4194304 Bytes (org.apache.zookeeper.ClientCnxnSocket)
[2022-11-01 23:19:48,018] INFO zookeeper.request.timeout value is 0. feature enabled=false (org.apache.zookeeper.ClientCnxn)
[2022-11-01 23:19:48,020] INFO [ZooKeeperClient Kafka server] Waiting until connected. (kafka.zookeeper.ZooKeeperClient)
[2022-11-01 23:19:48,026] INFO Opening socket connection to server localhost/127.0.0.1:2181. (org.apache.zookeeper.ClientCnxn)
[2022-11-01 23:19:48,030] INFO Socket connection established, initiating session, client: /127.0.0.1:52108, server: localhost/127.0.0.1:2181 (org.apache.zookeeper.ClientCnxn)
[2022-11-01 23:19:48,056] INFO Creating new log file: log.1 (org.apache.zookeeper.server.persistence.FileTxnLog)
[2022-11-01 23:19:48,239] INFO Session establishment complete on server localhost/127.0.0.1:2181, session id = 0x100000aa0070000, negotiated timeout = 18000 (org.apache.zookeeper.ClientCnxn)
[2022-11-01 23:19:48,249] INFO [ZooKeeperClient Kafka server] Connected. (kafka.zookeeper.ZooKeeperClient)
[2022-11-01 23:19:49,095] INFO Cluster ID = cTemFim8ToiubiaPVoaYHw (kafka.server.KafkaServer)
[2022-11-01 23:19:49,100] WARN No meta.properties file under dir /c/kafka_2.13-3.3.1/data/kafka/meta.properties (kafka.server.BrokerMetadataCheckpoint)
[2022-11-01 23:19:49,193] INFO KafkaConfig values: 
	advertised.listeners = null
	alter.config.policy.class.name = null
	alter.log.dirs.replication.quota.window.num = 11
	alter.log.dirs.replication.quota.window.size.seconds = 1
	authorizer.class.name = 
	auto.create.topics.enable = true
	auto.leader.rebalance.enable = true
	background.threads = 10
	broker.heartbeat.interval.ms = 2000
	broker.id = 0
	broker.id.generation.enable = true
	broker.rack = null
	broker.session.timeout.ms = 9000
	client.quota.callback.class = null
	compression.type = producer
	connection.failed.authentication.delay.ms = 100
	connections.max.idle.ms = 600000
	connections.max.reauth.ms = 0
	control.plane.listener.name = null
	controlled.shutdown.enable = true
	controlled.shutdown.max.retries = 3
	controlled.shutdown.retry.backoff.ms = 5000
	controller.listener.names = null
	controller.quorum.append.linger.ms = 25
	controller.quorum.election.backoff.max.ms = 1000
	controller.quorum.election.timeout.ms = 1000
	controller.quorum.fetch.timeout.ms = 2000
	controller.quorum.request.timeout.ms = 2000
	controller.quorum.retry.backoff.ms = 20
	controller.quorum.voters = []
	controller.quota.window.num = 11
	controller.quota.window.size.seconds = 1
	controller.socket.timeout.ms = 30000
	create.topic.policy.class.name = null
	default.replication.factor = 1
	delegation.token.expiry.check.interval.ms = 3600000
	delegation.token.expiry.time.ms = 86400000
	delegation.token.master.key = null
	delegation.token.max.lifetime.ms = 604800000
	delegation.token.secret.key = null
	delete.records.purgatory.purge.interval.requests = 1
	delete.topic.enable = true
	early.start.listeners = null
	fetch.max.bytes = 57671680
	fetch.purgatory.purge.interval.requests = 1000
	group.initial.rebalance.delay.ms = 0
	group.max.session.timeout.ms = 1800000
	group.max.size = 2147483647
	group.min.session.timeout.ms = 6000
	initial.broker.registration.timeout.ms = 60000
	inter.broker.listener.name = null
	inter.broker.protocol.version = 3.3-IV3
	kafka.metrics.polling.interval.secs = 10
	kafka.metrics.reporters = []
	leader.imbalance.check.interval.seconds = 300
	leader.imbalance.per.broker.percentage = 10
	listener.security.protocol.map = PLAINTEXT:PLAINTEXT,SSL:SSL,SASL_PLAINTEXT:SASL_PLAINTEXT,SASL_SSL:SASL_SSL
	listeners = PLAINTEXT://:9092
	log.cleaner.backoff.ms = 15000
	log.cleaner.dedupe.buffer.size = 134217728
	log.cleaner.delete.retention.ms = 86400000
	log.cleaner.enable = true
	log.cleaner.io.buffer.load.factor = 0.9
	log.cleaner.io.buffer.size = 524288
	log.cleaner.io.max.bytes.per.second = 1.7976931348623157E308
	log.cleaner.max.compaction.lag.ms = 9223372036854775807
	log.cleaner.min.cleanable.ratio = 0.5
	log.cleaner.min.compaction.lag.ms = 0
	log.cleaner.threads = 1
	log.cleanup.policy = [delete]
	log.dir = /tmp/kafka-logs
	log.dirs = /c/kafka_2.13-3.3.1/data/kafka
	log.flush.interval.messages = 9223372036854775807
	log.flush.interval.ms = null
	log.flush.offset.checkpoint.interval.ms = 60000
	log.flush.scheduler.interval.ms = 9223372036854775807
	log.flush.start.offset.checkpoint.interval.ms = 60000
	log.index.interval.bytes = 4096
	log.index.size.max.bytes = 10485760
	log.message.downconversion.enable = true
	log.message.format.version = 3.0-IV1
	log.message.timestamp.difference.max.ms = 9223372036854775807
	log.message.timestamp.type = CreateTime
	log.preallocate = false
	log.retention.bytes = -1
	log.retention.check.interval.ms = 300000
	log.retention.hours = 168
	log.retention.minutes = null
	log.retention.ms = null
	log.roll.hours = 168
	log.roll.jitter.hours = 0
	log.roll.jitter.ms = null
	log.roll.ms = null
	log.segment.bytes = 1073741824
	log.segment.delete.delay.ms = 60000
	max.connection.creation.rate = 2147483647
	max.connections = 2147483647
	max.connections.per.ip = 2147483647
	max.connections.per.ip.overrides = 
	max.incremental.fetch.session.cache.slots = 1000
	message.max.bytes = 1048588
	metadata.log.dir = null
	metadata.log.max.record.bytes.between.snapshots = 20971520
	metadata.log.segment.bytes = 1073741824
	metadata.log.segment.min.bytes = 8388608
	metadata.log.segment.ms = 604800000
	metadata.max.idle.interval.ms = 500
	metadata.max.retention.bytes = -1
	metadata.max.retention.ms = 604800000
	metric.reporters = []
	metrics.num.samples = 2
	metrics.recording.level = INFO
	metrics.sample.window.ms = 30000
	min.insync.replicas = 1
	node.id = 0
	num.io.threads = 8
	num.network.threads = 3
	num.partitions = 1
	num.recovery.threads.per.data.dir = 1
	num.replica.alter.log.dirs.threads = null
	num.replica.fetchers = 1
	offset.metadata.max.bytes = 4096
	offsets.commit.required.acks = -1
	offsets.commit.timeout.ms = 5000
	offsets.load.buffer.size = 5242880
	offsets.retention.check.interval.ms = 600000
	offsets.retention.minutes = 10080
	offsets.topic.compression.codec = 0
	offsets.topic.num.partitions = 50
	offsets.topic.replication.factor = 1
	offsets.topic.segment.bytes = 104857600
	password.encoder.cipher.algorithm = AES/CBC/PKCS5Padding
	password.encoder.iterations = 4096
	password.encoder.key.length = 128
	password.encoder.keyfactory.algorithm = null
	password.encoder.old.secret = null
	password.encoder.secret = null
	principal.builder.class = class org.apache.kafka.common.security.authenticator.DefaultKafkaPrincipalBuilder
	process.roles = []
	producer.purgatory.purge.interval.requests = 1000
	queued.max.request.bytes = -1
	queued.max.requests = 500
	quota.window.num = 11
	quota.window.size.seconds = 1
	remote.log.index.file.cache.total.size.bytes = 1073741824
	remote.log.manager.task.interval.ms = 30000
	remote.log.manager.task.retry.backoff.max.ms = 30000
	remote.log.manager.task.retry.backoff.ms = 500
	remote.log.manager.task.retry.jitter = 0.2
	remote.log.manager.thread.pool.size = 10
	remote.log.metadata.manager.class.name = null
	remote.log.metadata.manager.class.path = null
	remote.log.metadata.manager.impl.prefix = null
	remote.log.metadata.manager.listener.name = null
	remote.log.reader.max.pending.tasks = 100
	remote.log.reader.threads = 10
	remote.log.storage.manager.class.name = null
	remote.log.storage.manager.class.path = null
	remote.log.storage.manager.impl.prefix = null
	remote.log.storage.system.enable = false
	replica.fetch.backoff.ms = 1000
	replica.fetch.max.bytes = 1048576
	replica.fetch.min.bytes = 1
	replica.fetch.response.max.bytes = 10485760
	replica.fetch.wait.max.ms = 500
	replica.high.watermark.checkpoint.interval.ms = 5000
	replica.lag.time.max.ms = 30000
	replica.selector.class = null
	replica.socket.receive.buffer.bytes = 65536
	replica.socket.timeout.ms = 30000
	replication.quota.window.num = 11
	replication.quota.window.size.seconds = 1
	request.timeout.ms = 30000
	reserved.broker.max.id = 1000
	sasl.client.callback.handler.class = null
	sasl.enabled.mechanisms = [GSSAPI]
	sasl.jaas.config = null
	sasl.kerberos.kinit.cmd = /usr/bin/kinit
	sasl.kerberos.min.time.before.relogin = 60000
	sasl.kerberos.principal.to.local.rules = [DEFAULT]
	sasl.kerberos.service.name = null
	sasl.kerberos.ticket.renew.jitter = 0.05
	sasl.kerberos.ticket.renew.window.factor = 0.8
	sasl.login.callback.handler.class = null
	sasl.login.class = null
	sasl.login.connect.timeout.ms = null
	sasl.login.read.timeout.ms = null
	sasl.login.refresh.buffer.seconds = 300
	sasl.login.refresh.min.period.seconds = 60
	sasl.login.refresh.window.factor = 0.8
	sasl.login.refresh.window.jitter = 0.05
	sasl.login.retry.backoff.max.ms = 10000
	sasl.login.retry.backoff.ms = 100
	sasl.mechanism.controller.protocol = GSSAPI
	sasl.mechanism.inter.broker.protocol = GSSAPI
	sasl.oauthbearer.clock.skew.seconds = 30
	sasl.oauthbearer.expected.audience = null
	sasl.oauthbearer.expected.issuer = null
	sasl.oauthbearer.jwks.endpoint.refresh.ms = 3600000
	sasl.oauthbearer.jwks.endpoint.retry.backoff.max.ms = 10000
	sasl.oauthbearer.jwks.endpoint.retry.backoff.ms = 100
	sasl.oauthbearer.jwks.endpoint.url = null
	sasl.oauthbearer.scope.claim.name = scope
	sasl.oauthbearer.sub.claim.name = sub
	sasl.oauthbearer.token.endpoint.url = null
	sasl.server.callback.handler.class = null
	sasl.server.max.receive.size = 524288
	security.inter.broker.protocol = PLAINTEXT
	security.providers = null
	socket.connection.setup.timeout.max.ms = 30000
	socket.connection.setup.timeout.ms = 10000
	socket.listen.backlog.size = 50
	socket.receive.buffer.bytes = 102400
	socket.request.max.bytes = 104857600
	socket.send.buffer.bytes = 102400
	ssl.cipher.suites = []
	ssl.client.auth = none
	ssl.enabled.protocols = [TLSv1.2]
	ssl.endpoint.identification.algorithm = https
	ssl.engine.factory.class = null
	ssl.key.password = null
	ssl.keymanager.algorithm = SunX509
	ssl.keystore.certificate.chain = null
	ssl.keystore.key = null
	ssl.keystore.location = null
	ssl.keystore.password = null
	ssl.keystore.type = JKS
	ssl.principal.mapping.rules = DEFAULT
	ssl.protocol = TLSv1.2
	ssl.provider = null
	ssl.secure.random.implementation = null
	ssl.trustmanager.algorithm = PKIX
	ssl.truststore.certificates = null
	ssl.truststore.location = null
	ssl.truststore.password = null
	ssl.truststore.type = JKS
	transaction.abort.timed.out.transaction.cleanup.interval.ms = 10000
	transaction.max.timeout.ms = 900000
	transaction.remove.expired.transaction.cleanup.interval.ms = 3600000
	transaction.state.log.load.buffer.size = 5242880
	transaction.state.log.min.isr = 1
	transaction.state.log.num.partitions = 50
	transaction.state.log.replication.factor = 1
	transaction.state.log.segment.bytes = 104857600
	transactional.id.expiration.ms = 604800000
	unclean.leader.election.enable = false
	zookeeper.clientCnxnSocket = null
	zookeeper.connect = localhost:2181
	zookeeper.connection.timeout.ms = 18000
	zookeeper.max.in.flight.requests = 10
	zookeeper.session.timeout.ms = 18000
	zookeeper.set.acl = false
	zookeeper.ssl.cipher.suites = null
	zookeeper.ssl.client.enable = false
	zookeeper.ssl.crl.enable = false
	zookeeper.ssl.enabled.protocols = null
	zookeeper.ssl.endpoint.identification.algorithm = HTTPS
	zookeeper.ssl.keystore.location = null
	zookeeper.ssl.keystore.password = null
	zookeeper.ssl.keystore.type = null
	zookeeper.ssl.ocsp.enable = false
	zookeeper.ssl.protocol = TLSv1.2
	zookeeper.ssl.truststore.location = null
	zookeeper.ssl.truststore.password = null
	zookeeper.ssl.truststore.type = null
 (kafka.server.KafkaConfig)
[2022-11-01 23:19:49,263] INFO [ThrottledChannelReaper-Fetch]: Starting (kafka.server.ClientQuotaManager$ThrottledChannelReaper)
[2022-11-01 23:19:49,264] INFO [ThrottledChannelReaper-Produce]: Starting (kafka.server.ClientQuotaManager$ThrottledChannelReaper)
[2022-11-01 23:19:49,267] INFO [ThrottledChannelReaper-Request]: Starting (kafka.server.ClientQuotaManager$ThrottledChannelReaper)
[2022-11-01 23:19:49,270] INFO [ThrottledChannelReaper-ControllerMutation]: Starting (kafka.server.ClientQuotaManager$ThrottledChannelReaper)
[2022-11-01 23:19:49,306] INFO Log directory /c/kafka_2.13-3.3.1/data/kafka not found, creating it. (kafka.log.LogManager)
[2022-11-01 23:19:49,503] INFO Loading logs from log dirs ArraySeq(/c/kafka_2.13-3.3.1/data/kafka) (kafka.log.LogManager)
[2022-11-01 23:19:49,511] INFO Attempting recovery for all logs in /c/kafka_2.13-3.3.1/data/kafka since no clean shutdown file was found (kafka.log.LogManager)
[2022-11-01 23:19:49,543] INFO Loaded 0 logs in 38ms. (kafka.log.LogManager)
[2022-11-01 23:19:49,544] INFO Starting log cleanup with a period of 300000 ms. (kafka.log.LogManager)
[2022-11-01 23:19:49,548] INFO Starting log flusher with a default period of 9223372036854775807 ms. (kafka.log.LogManager)
[2022-11-01 23:19:49,679] INFO [feature-zk-node-event-process-thread]: Starting (kafka.server.FinalizedFeatureChangeListener$ChangeNotificationProcessorThread)
[2022-11-01 23:19:49,697] INFO Feature ZK node at path: /feature does not exist (kafka.server.FinalizedFeatureChangeListener)
[2022-11-01 23:19:49,754] INFO [BrokerToControllerChannelManager broker=0 name=forwarding]: Starting (kafka.server.BrokerToControllerRequestThread)
[2022-11-01 23:19:50,392] INFO Updated connection-accept-rate max connection creation rate to 2147483647 (kafka.network.ConnectionQuotas)
[2022-11-01 23:19:50,400] INFO Awaiting socket connections on 0.0.0.0:9092. (kafka.network.DataPlaneAcceptor)
[2022-11-01 23:19:50,449] INFO [SocketServer listenerType=ZK_BROKER, nodeId=0] Created data-plane acceptor and processors for endpoint : ListenerName(PLAINTEXT) (kafka.network.SocketServer)
[2022-11-01 23:19:50,467] INFO [BrokerToControllerChannelManager broker=0 name=alterPartition]: Starting (kafka.server.BrokerToControllerRequestThread)
[2022-11-01 23:19:50,510] INFO [ExpirationReaper-0-Produce]: Starting (kafka.server.DelayedOperationPurgatory$ExpiredOperationReaper)
[2022-11-01 23:19:50,512] INFO [ExpirationReaper-0-Fetch]: Starting (kafka.server.DelayedOperationPurgatory$ExpiredOperationReaper)
[2022-11-01 23:19:50,513] INFO [ExpirationReaper-0-DeleteRecords]: Starting (kafka.server.DelayedOperationPurgatory$ExpiredOperationReaper)
[2022-11-01 23:19:50,515] INFO [ExpirationReaper-0-ElectLeader]: Starting (kafka.server.DelayedOperationPurgatory$ExpiredOperationReaper)
[2022-11-01 23:19:50,685] INFO [LogDirFailureHandler]: Starting (kafka.server.ReplicaManager$LogDirFailureHandler)
[2022-11-01 23:19:50,748] INFO Creating /brokers/ids/0 (is it secure? false) (kafka.zk.KafkaZkClient)
[2022-11-01 23:19:50,950] INFO Stat of the created znode at /brokers/ids/0 is: 25,25,1667319590788,1667319590788,1,0,0,72057639672414208,238,0,25
 (kafka.zk.KafkaZkClient)
[2022-11-01 23:19:50,954] INFO Registered broker 0 at path /brokers/ids/0 with addresses: PLAINTEXT://LAPTOP-M6PEL45O.localdomain:9092, czxid (broker epoch): 25 (kafka.zk.KafkaZkClient)
[2022-11-01 23:19:51,103] INFO [ExpirationReaper-0-topic]: Starting (kafka.server.DelayedOperationPurgatory$ExpiredOperationReaper)
[2022-11-01 23:19:51,115] INFO [ExpirationReaper-0-Heartbeat]: Starting (kafka.server.DelayedOperationPurgatory$ExpiredOperationReaper)
[2022-11-01 23:19:51,116] INFO [ExpirationReaper-0-Rebalance]: Starting (kafka.server.DelayedOperationPurgatory$ExpiredOperationReaper)
[2022-11-01 23:19:51,157] INFO [GroupCoordinator 0]: Starting up. (kafka.coordinator.group.GroupCoordinator)
[2022-11-01 23:19:51,259] INFO Successfully created /controller_epoch with initial epoch 0 (kafka.zk.KafkaZkClient)
[2022-11-01 23:19:51,264] INFO [GroupCoordinator 0]: Startup complete. (kafka.coordinator.group.GroupCoordinator)
[2022-11-01 23:19:51,313] INFO Feature ZK node created at path: /feature (kafka.server.FinalizedFeatureChangeListener)
[2022-11-01 23:19:51,322] INFO [TransactionCoordinator id=0] Starting up. (kafka.coordinator.transaction.TransactionCoordinator)
[2022-11-01 23:19:51,329] INFO [TransactionCoordinator id=0] Startup complete. (kafka.coordinator.transaction.TransactionCoordinator)
[2022-11-01 23:19:51,329] INFO [Transaction Marker Channel Manager 0]: Starting (kafka.coordinator.transaction.TransactionMarkerChannelManager)
[2022-11-01 23:19:51,408] INFO [MetadataCache brokerId=0] Updated cache from existing <empty> to latest FinalizedFeaturesAndEpoch(features=Map(), epoch=0). (kafka.server.metadata.ZkMetadataCache)
[2022-11-01 23:19:51,452] INFO [ExpirationReaper-0-AlterAcls]: Starting (kafka.server.DelayedOperationPurgatory$ExpiredOperationReaper)
[2022-11-01 23:19:51,505] INFO [/config/changes-event-process-thread]: Starting (kafka.common.ZkNodeChangeNotificationListener$ChangeEventProcessThread)
[2022-11-01 23:19:51,520] INFO [SocketServer listenerType=ZK_BROKER, nodeId=0] Enabling request processing. (kafka.network.SocketServer)
[2022-11-01 23:19:51,533] INFO Kafka version: 3.3.1 (org.apache.kafka.common.utils.AppInfoParser)
[2022-11-01 23:19:51,533] INFO Kafka commitId: e23c59d00e687ff5 (org.apache.kafka.common.utils.AppInfoParser)
[2022-11-01 23:19:51,534] INFO Kafka startTimeMs: 1667319591524 (org.apache.kafka.common.utils.AppInfoParser)
[2022-11-01 23:19:51,537] INFO [KafkaServer id=0] started (kafka.server.KafkaServer)
[2022-11-01 23:19:51,690] INFO [BrokerToControllerChannelManager broker=0 name=alterPartition]: Recorded new controller, from now on will use broker LAPTOP-M6PEL45O.localdomain:9092 (id: 0 rack: null) (kafka.server.BrokerToControllerRequestThread)
[2022-11-01 23:19:51,690] INFO [BrokerToControllerChannelManager broker=0 name=forwarding]: Recorded new controller, from now on will use broker LAPTOP-M6PEL45O.localdomain:9092 (id: 0 rack: null) (kafka.server.BrokerToControllerRequestThread)
[2022-11-01 23:20:13,466] WARN [SocketServer listenerType=ZK_BROKER, nodeId=0] Unexpected error from /0:0:0:0:0:0:0:1 (channelId=0:0:0:0:0:0:0:1:9092-0:0:0:0:0:0:0:1:49342-0); closing connection (org.apache.kafka.common.network.Selector)
org.apache.kafka.common.network.InvalidReceiveException: Invalid receive (size = 1195725856 larger than 104857600)
	at org.apache.kafka.common.network.NetworkReceive.readFrom(NetworkReceive.java:105)
	at org.apache.kafka.common.network.KafkaChannel.receive(KafkaChannel.java:452)
	at org.apache.kafka.common.network.KafkaChannel.read(KafkaChannel.java:402)
	at org.apache.kafka.common.network.Selector.attemptRead(Selector.java:674)
	at org.apache.kafka.common.network.Selector.pollSelectionKeys(Selector.java:576)
	at org.apache.kafka.common.network.Selector.poll(Selector.java:481)
	at kafka.network.Processor.poll(SocketServer.scala:1055)
	at kafka.network.Processor.run(SocketServer.scala:959)
	at java.lang.Thread.run(Thread.java:750)
[2022-11-01 23:20:14,550] WARN [SocketServer listenerType=ZK_BROKER, nodeId=0] Unexpected error from /0:0:0:0:0:0:0:1 (channelId=0:0:0:0:0:0:0:1:9092-0:0:0:0:0:0:0:1:49344-0); closing connection (org.apache.kafka.common.network.Selector)
org.apache.kafka.common.network.InvalidReceiveException: Invalid receive (size = 1195725856 larger than 104857600)
	at org.apache.kafka.common.network.NetworkReceive.readFrom(NetworkReceive.java:105)
	at org.apache.kafka.common.network.KafkaChannel.receive(KafkaChannel.java:452)
	at org.apache.kafka.common.network.KafkaChannel.read(KafkaChannel.java:402)
	at org.apache.kafka.common.network.Selector.attemptRead(Selector.java:674)
	at org.apache.kafka.common.network.Selector.pollSelectionKeys(Selector.java:576)
	at org.apache.kafka.common.network.Selector.poll(Selector.java:481)
	at kafka.network.Processor.poll(SocketServer.scala:1055)
	at kafka.network.Processor.run(SocketServer.scala:959)
	at java.lang.Thread.run(Thread.java:750)
[2022-11-01 23:20:14,554] WARN [SocketServer listenerType=ZK_BROKER, nodeId=0] Unexpected error from /0:0:0:0:0:0:0:1 (channelId=0:0:0:0:0:0:0:1:9092-0:0:0:0:0:0:0:1:49346-1); closing connection (org.apache.kafka.common.network.Selector)
org.apache.kafka.common.network.InvalidReceiveException: Invalid receive (size = 1195725856 larger than 104857600)
	at org.apache.kafka.common.network.NetworkReceive.readFrom(NetworkReceive.java:105)
	at org.apache.kafka.common.network.KafkaChannel.receive(KafkaChannel.java:452)
	at org.apache.kafka.common.network.KafkaChannel.read(KafkaChannel.java:402)
	at org.apache.kafka.common.network.Selector.attemptRead(Selector.java:674)
	at org.apache.kafka.common.network.Selector.pollSelectionKeys(Selector.java:576)
	at org.apache.kafka.common.network.Selector.poll(Selector.java:481)
	at kafka.network.Processor.poll(SocketServer.scala:1055)
	at kafka.network.Processor.run(SocketServer.scala:959)
	at java.lang.Thread.run(Thread.java:750)
[2022-11-01 23:20:14,560] WARN [SocketServer listenerType=ZK_BROKER, nodeId=0] Unexpected error from /0:0:0:0:0:0:0:1 (channelId=0:0:0:0:0:0:0:1:9092-0:0:0:0:0:0:0:1:49348-1); closing connection (org.apache.kafka.common.network.Selector)
org.apache.kafka.common.network.InvalidReceiveException: Invalid receive (size = 1195725856 larger than 104857600)
	at org.apache.kafka.common.network.NetworkReceive.readFrom(NetworkReceive.java:105)
	at org.apache.kafka.common.network.KafkaChannel.receive(KafkaChannel.java:452)
	at org.apache.kafka.common.network.KafkaChannel.read(KafkaChannel.java:402)
	at org.apache.kafka.common.network.Selector.attemptRead(Selector.java:674)
	at org.apache.kafka.common.network.Selector.pollSelectionKeys(Selector.java:576)
	at org.apache.kafka.common.network.Selector.poll(Selector.java:481)
	at kafka.network.Processor.poll(SocketServer.scala:1055)
	at kafka.network.Processor.run(SocketServer.scala:959)
	at java.lang.Thread.run(Thread.java:750)
[2022-11-01 23:22:28,582] WARN Session 0x100000aa0070000 for sever localhost/127.0.0.1:2181, Closing socket connection. Attempting reconnect except it is a SessionExpiredException. (org.apache.zookeeper.ClientCnxn)
EndOfStreamException: Unable to read additional data from server sessionid 0x100000aa0070000, likely server has closed socket
	at org.apache.zookeeper.ClientCnxnSocketNIO.doIO(ClientCnxnSocketNIO.java:77)
	at org.apache.zookeeper.ClientCnxnSocketNIO.doTransport(ClientCnxnSocketNIO.java:350)
	at org.apache.zookeeper.ClientCnxn$SendThread.run(ClientCnxn.java:1290)
[2022-11-01 23:22:30,082] INFO Opening socket connection to server localhost/127.0.0.1:2181. (org.apache.zookeeper.ClientCnxn)
[2022-11-01 23:22:30,084] WARN Session 0x100000aa0070000 for sever localhost/127.0.0.1:2181, Closing socket connection. Attempting reconnect except it is a SessionExpiredException. (org.apache.zookeeper.ClientCnxn)
java.net.ConnectException: Connection refused
	at sun.nio.ch.SocketChannelImpl.checkConnect(Native Method)
	at sun.nio.ch.SocketChannelImpl.finishConnect(SocketChannelImpl.java:716)
	at org.apache.zookeeper.ClientCnxnSocketNIO.doTransport(ClientCnxnSocketNIO.java:344)
	at org.apache.zookeeper.ClientCnxn$SendThread.run(ClientCnxn.java:1290)
[2022-11-01 23:22:31,296] INFO Opening socket connection to server localhost/127.0.0.1:2181. (org.apache.zookeeper.ClientCnxn)
[2022-11-01 23:22:31,297] WARN Session 0x100000aa0070000 for sever localhost/127.0.0.1:2181, Closing socket connection. Attempting reconnect except it is a SessionExpiredException. (org.apache.zookeeper.ClientCnxn)
java.net.ConnectException: Connection refused
	at sun.nio.ch.SocketChannelImpl.checkConnect(Native Method)
	at sun.nio.ch.SocketChannelImpl.finishConnect(SocketChannelImpl.java:716)
	at org.apache.zookeeper.ClientCnxnSocketNIO.doTransport(ClientCnxnSocketNIO.java:344)
	at org.apache.zookeeper.ClientCnxn$SendThread.run(ClientCnxn.java:1290)
[2022-11-01 23:22:32,554] INFO Opening socket connection to server localhost/127.0.0.1:2181. (org.apache.zookeeper.ClientCnxn)
[2022-11-01 23:22:32,556] WARN Session 0x100000aa0070000 for sever localhost/127.0.0.1:2181, Closing socket connection. Attempting reconnect except it is a SessionExpiredException. (org.apache.zookeeper.ClientCnxn)
java.net.ConnectException: Connection refused
	at sun.nio.ch.SocketChannelImpl.checkConnect(Native Method)
	at sun.nio.ch.SocketChannelImpl.finishConnect(SocketChannelImpl.java:716)
	at org.apache.zookeeper.ClientCnxnSocketNIO.doTransport(ClientCnxnSocketNIO.java:344)
	at org.apache.zookeeper.ClientCnxn$SendThread.run(ClientCnxn.java:1290)
[2022-11-01 23:22:33,714] INFO Opening socket connection to server localhost/127.0.0.1:2181. (org.apache.zookeeper.ClientCnxn)
[2022-11-01 23:22:33,717] WARN Session 0x100000aa0070000 for sever localhost/127.0.0.1:2181, Closing socket connection. Attempting reconnect except it is a SessionExpiredException. (org.apache.zookeeper.ClientCnxn)
java.net.ConnectException: Connection refused
	at sun.nio.ch.SocketChannelImpl.checkConnect(Native Method)
	at sun.nio.ch.SocketChannelImpl.finishConnect(SocketChannelImpl.java:716)
	at org.apache.zookeeper.ClientCnxnSocketNIO.doTransport(ClientCnxnSocketNIO.java:344)
	at org.apache.zookeeper.ClientCnxn$SendThread.run(ClientCnxn.java:1290)
[2022-11-01 23:22:35,286] INFO Opening socket connection to server localhost/127.0.0.1:2181. (org.apache.zookeeper.ClientCnxn)
[2022-11-01 23:22:35,288] WARN Session 0x100000aa0070000 for sever localhost/127.0.0.1:2181, Closing socket connection. Attempting reconnect except it is a SessionExpiredException. (org.apache.zookeeper.ClientCnxn)
java.net.ConnectException: Connection refused
	at sun.nio.ch.SocketChannelImpl.checkConnect(Native Method)
	at sun.nio.ch.SocketChannelImpl.finishConnect(SocketChannelImpl.java:716)
	at org.apache.zookeeper.ClientCnxnSocketNIO.doTransport(ClientCnxnSocketNIO.java:344)
	at org.apache.zookeeper.ClientCnxn$SendThread.run(ClientCnxn.java:1290)
[2022-11-01 23:22:37,203] INFO Opening socket connection to server localhost/127.0.0.1:2181. (org.apache.zookeeper.ClientCnxn)
[2022-11-01 23:22:37,206] WARN Session 0x100000aa0070000 for sever localhost/127.0.0.1:2181, Closing socket connection. Attempting reconnect except it is a SessionExpiredException. (org.apache.zookeeper.ClientCnxn)
java.net.ConnectException: Connection refused
	at sun.nio.ch.SocketChannelImpl.checkConnect(Native Method)
	at sun.nio.ch.SocketChannelImpl.finishConnect(SocketChannelImpl.java:716)
	at org.apache.zookeeper.ClientCnxnSocketNIO.doTransport(ClientCnxnSocketNIO.java:344)
	at org.apache.zookeeper.ClientCnxn$SendThread.run(ClientCnxn.java:1290)
[2022-11-01 23:22:39,032] INFO Opening socket connection to server localhost/127.0.0.1:2181. (org.apache.zookeeper.ClientCnxn)
[2022-11-01 23:22:39,034] WARN Session 0x100000aa0070000 for sever localhost/127.0.0.1:2181, Closing socket connection. Attempting reconnect except it is a SessionExpiredException. (org.apache.zookeeper.ClientCnxn)
java.net.ConnectException: Connection refused
	at sun.nio.ch.SocketChannelImpl.checkConnect(Native Method)
	at sun.nio.ch.SocketChannelImpl.finishConnect(SocketChannelImpl.java:716)
	at org.apache.zookeeper.ClientCnxnSocketNIO.doTransport(ClientCnxnSocketNIO.java:344)
	at org.apache.zookeeper.ClientCnxn$SendThread.run(ClientCnxn.java:1290)
[2022-11-01 23:22:40,170] INFO Opening socket connection to server localhost/127.0.0.1:2181. (org.apache.zookeeper.ClientCnxn)
[2022-11-01 23:22:40,172] WARN Session 0x100000aa0070000 for sever localhost/127.0.0.1:2181, Closing socket connection. Attempting reconnect except it is a SessionExpiredException. (org.apache.zookeeper.ClientCnxn)
java.net.ConnectException: Connection refused
	at sun.nio.ch.SocketChannelImpl.checkConnect(Native Method)
	at sun.nio.ch.SocketChannelImpl.finishConnect(SocketChannelImpl.java:716)
	at org.apache.zookeeper.ClientCnxnSocketNIO.doTransport(ClientCnxnSocketNIO.java:344)
	at org.apache.zookeeper.ClientCnxn$SendThread.run(ClientCnxn.java:1290)
[2022-11-01 23:22:42,158] INFO Opening socket connection to server localhost/127.0.0.1:2181. (org.apache.zookeeper.ClientCnxn)
[2022-11-01 23:22:42,161] WARN Session 0x100000aa0070000 for sever localhost/127.0.0.1:2181, Closing socket connection. Attempting reconnect except it is a SessionExpiredException. (org.apache.zookeeper.ClientCnxn)
java.net.ConnectException: Connection refused
	at sun.nio.ch.SocketChannelImpl.checkConnect(Native Method)
	at sun.nio.ch.SocketChannelImpl.finishConnect(SocketChannelImpl.java:716)
	at org.apache.zookeeper.ClientCnxnSocketNIO.doTransport(ClientCnxnSocketNIO.java:344)
	at org.apache.zookeeper.ClientCnxn$SendThread.run(ClientCnxn.java:1290)
[2022-11-01 23:22:42,882] INFO Terminating process due to signal SIGHUP (org.apache.kafka.common.utils.LoggingSignalHandler)
[2022-11-01 23:22:42,883] INFO Terminating process due to signal SIGHUP (org.apache.kafka.common.utils.LoggingSignalHandler)
[2022-11-01 23:22:42,886] INFO [KafkaServer id=0] shutting down (kafka.server.KafkaServer)
[2022-11-01 23:22:42,890] INFO [KafkaServer id=0] Starting controlled shutdown (kafka.server.KafkaServer)
[2022-11-01 23:22:42,930] INFO [KafkaServer id=0] Controlled shutdown request returned successfully after 32ms (kafka.server.KafkaServer)
[2022-11-01 23:22:42,937] INFO [/config/changes-event-process-thread]: Shutting down (kafka.common.ZkNodeChangeNotificationListener$ChangeEventProcessThread)
[2022-11-01 23:22:42,946] INFO [/config/changes-event-process-thread]: Stopped (kafka.common.ZkNodeChangeNotificationListener$ChangeEventProcessThread)
[2022-11-01 23:22:42,946] INFO [/config/changes-event-process-thread]: Shutdown completed (kafka.common.ZkNodeChangeNotificationListener$ChangeEventProcessThread)
[2022-11-01 23:22:42,948] INFO [SocketServer listenerType=ZK_BROKER, nodeId=0] Stopping socket server request processors (kafka.network.SocketServer)
[2022-11-01 23:22:42,961] INFO [SocketServer listenerType=ZK_BROKER, nodeId=0] Stopped socket server request processors (kafka.network.SocketServer)
[2022-11-01 23:22:42,962] INFO [data-plane Kafka Request Handler on Broker 0], shutting down (kafka.server.KafkaRequestHandlerPool)
[2022-11-01 23:22:42,966] INFO [data-plane Kafka Request Handler on Broker 0], shut down completely (kafka.server.KafkaRequestHandlerPool)
[2022-11-01 23:22:42,971] INFO [ExpirationReaper-0-AlterAcls]: Shutting down (kafka.server.DelayedOperationPurgatory$ExpiredOperationReaper)
[2022-11-01 23:22:42,975] INFO [ExpirationReaper-0-AlterAcls]: Stopped (kafka.server.DelayedOperationPurgatory$ExpiredOperationReaper)
[2022-11-01 23:22:42,975] INFO [ExpirationReaper-0-AlterAcls]: Shutdown completed (kafka.server.DelayedOperationPurgatory$ExpiredOperationReaper)
[2022-11-01 23:22:42,977] INFO [KafkaApi-0] Shutdown complete. (kafka.server.KafkaApis)
[2022-11-01 23:22:42,979] INFO [ExpirationReaper-0-topic]: Shutting down (kafka.server.DelayedOperationPurgatory$ExpiredOperationReaper)
[2022-11-01 23:22:42,981] INFO [ExpirationReaper-0-topic]: Stopped (kafka.server.DelayedOperationPurgatory$ExpiredOperationReaper)
[2022-11-01 23:22:42,981] INFO [ExpirationReaper-0-topic]: Shutdown completed (kafka.server.DelayedOperationPurgatory$ExpiredOperationReaper)
[2022-11-01 23:22:42,985] INFO [TransactionCoordinator id=0] Shutting down. (kafka.coordinator.transaction.TransactionCoordinator)
[2022-11-01 23:22:42,987] INFO [Transaction State Manager 0]: Shutdown complete (kafka.coordinator.transaction.TransactionStateManager)
[2022-11-01 23:22:42,987] INFO [Transaction Marker Channel Manager 0]: Shutting down (kafka.coordinator.transaction.TransactionMarkerChannelManager)
[2022-11-01 23:22:42,989] INFO [Transaction Marker Channel Manager 0]: Stopped (kafka.coordinator.transaction.TransactionMarkerChannelManager)
[2022-11-01 23:22:42,989] INFO [Transaction Marker Channel Manager 0]: Shutdown completed (kafka.coordinator.transaction.TransactionMarkerChannelManager)
[2022-11-01 23:22:42,991] INFO [TransactionCoordinator id=0] Shutdown complete. (kafka.coordinator.transaction.TransactionCoordinator)
[2022-11-01 23:22:42,993] INFO [GroupCoordinator 0]: Shutting down. (kafka.coordinator.group.GroupCoordinator)
[2022-11-01 23:22:42,994] INFO [ExpirationReaper-0-Heartbeat]: Shutting down (kafka.server.DelayedOperationPurgatory$ExpiredOperationReaper)
[2022-11-01 23:22:42,996] INFO [ExpirationReaper-0-Heartbeat]: Stopped (kafka.server.DelayedOperationPurgatory$ExpiredOperationReaper)
[2022-11-01 23:22:42,996] INFO [ExpirationReaper-0-Heartbeat]: Shutdown completed (kafka.server.DelayedOperationPurgatory$ExpiredOperationReaper)
[2022-11-01 23:22:42,998] INFO [ExpirationReaper-0-Rebalance]: Shutting down (kafka.server.DelayedOperationPurgatory$ExpiredOperationReaper)
[2022-11-01 23:22:42,999] INFO [ExpirationReaper-0-Rebalance]: Stopped (kafka.server.DelayedOperationPurgatory$ExpiredOperationReaper)
[2022-11-01 23:22:42,999] INFO [ExpirationReaper-0-Rebalance]: Shutdown completed (kafka.server.DelayedOperationPurgatory$ExpiredOperationReaper)
[2022-11-01 23:22:43,001] INFO [GroupCoordinator 0]: Shutdown complete. (kafka.coordinator.group.GroupCoordinator)
[2022-11-01 23:22:43,003] INFO [ReplicaManager broker=0] Shutting down (kafka.server.ReplicaManager)
[2022-11-01 23:22:43,003] INFO [LogDirFailureHandler]: Shutting down (kafka.server.ReplicaManager$LogDirFailureHandler)
[2022-11-01 23:22:43,004] INFO [LogDirFailureHandler]: Stopped (kafka.server.ReplicaManager$LogDirFailureHandler)
[2022-11-01 23:22:43,004] INFO [LogDirFailureHandler]: Shutdown completed (kafka.server.ReplicaManager$LogDirFailureHandler)
[2022-11-01 23:22:43,006] INFO [ReplicaFetcherManager on broker 0] shutting down (kafka.server.ReplicaFetcherManager)
[2022-11-01 23:22:43,008] INFO [ReplicaFetcherManager on broker 0] shutdown completed (kafka.server.ReplicaFetcherManager)
[2022-11-01 23:22:43,009] INFO [ReplicaAlterLogDirsManager on broker 0] shutting down (kafka.server.ReplicaAlterLogDirsManager)
[2022-11-01 23:22:43,010] INFO [ReplicaAlterLogDirsManager on broker 0] shutdown completed (kafka.server.ReplicaAlterLogDirsManager)
[2022-11-01 23:22:43,011] INFO [ExpirationReaper-0-Fetch]: Shutting down (kafka.server.DelayedOperationPurgatory$ExpiredOperationReaper)
[2022-11-01 23:22:43,013] INFO [ExpirationReaper-0-Fetch]: Stopped (kafka.server.DelayedOperationPurgatory$ExpiredOperationReaper)
[2022-11-01 23:22:43,013] INFO [ExpirationReaper-0-Fetch]: Shutdown completed (kafka.server.DelayedOperationPurgatory$ExpiredOperationReaper)
[2022-11-01 23:22:43,016] INFO [ExpirationReaper-0-Produce]: Shutting down (kafka.server.DelayedOperationPurgatory$ExpiredOperationReaper)
[2022-11-01 23:22:43,017] INFO [ExpirationReaper-0-Produce]: Shutdown completed (kafka.server.DelayedOperationPurgatory$ExpiredOperationReaper)
[2022-11-01 23:22:43,017] INFO [ExpirationReaper-0-Produce]: Stopped (kafka.server.DelayedOperationPurgatory$ExpiredOperationReaper)
[2022-11-01 23:22:43,019] INFO [ExpirationReaper-0-DeleteRecords]: Shutting down (kafka.server.DelayedOperationPurgatory$ExpiredOperationReaper)
[2022-11-01 23:22:43,021] INFO [ExpirationReaper-0-DeleteRecords]: Stopped (kafka.server.DelayedOperationPurgatory$ExpiredOperationReaper)
[2022-11-01 23:22:43,021] INFO [ExpirationReaper-0-DeleteRecords]: Shutdown completed (kafka.server.DelayedOperationPurgatory$ExpiredOperationReaper)
[2022-11-01 23:22:43,024] INFO [ExpirationReaper-0-ElectLeader]: Shutting down (kafka.server.DelayedOperationPurgatory$ExpiredOperationReaper)
[2022-11-01 23:22:43,026] INFO [ExpirationReaper-0-ElectLeader]: Stopped (kafka.server.DelayedOperationPurgatory$ExpiredOperationReaper)
[2022-11-01 23:22:43,026] INFO [ExpirationReaper-0-ElectLeader]: Shutdown completed (kafka.server.DelayedOperationPurgatory$ExpiredOperationReaper)
[2022-11-01 23:22:43,041] INFO [ReplicaManager broker=0] Shut down completely (kafka.server.ReplicaManager)
[2022-11-01 23:22:43,042] INFO [BrokerToControllerChannelManager broker=0 name=alterPartition]: Shutting down (kafka.server.BrokerToControllerRequestThread)
[2022-11-01 23:22:43,043] INFO [BrokerToControllerChannelManager broker=0 name=alterPartition]: Stopped (kafka.server.BrokerToControllerRequestThread)
[2022-11-01 23:22:43,043] INFO [BrokerToControllerChannelManager broker=0 name=alterPartition]: Shutdown completed (kafka.server.BrokerToControllerRequestThread)
[2022-11-01 23:22:43,048] INFO Broker to controller channel manager for alterPartition shutdown (kafka.server.BrokerToControllerChannelManagerImpl)
[2022-11-01 23:22:43,049] INFO [BrokerToControllerChannelManager broker=0 name=forwarding]: Shutting down (kafka.server.BrokerToControllerRequestThread)
[2022-11-01 23:22:43,050] INFO [BrokerToControllerChannelManager broker=0 name=forwarding]: Stopped (kafka.server.BrokerToControllerRequestThread)
[2022-11-01 23:22:43,050] INFO [BrokerToControllerChannelManager broker=0 name=forwarding]: Shutdown completed (kafka.server.BrokerToControllerRequestThread)
[2022-11-01 23:22:43,052] INFO Broker to controller channel manager for forwarding shutdown (kafka.server.BrokerToControllerChannelManagerImpl)
[2022-11-01 23:22:43,056] INFO Shutting down. (kafka.log.LogManager)
[2022-11-01 23:22:43,222] INFO Shutdown complete. (kafka.log.LogManager)
[2022-11-01 23:22:43,242] INFO [feature-zk-node-event-process-thread]: Shutting down (kafka.server.FinalizedFeatureChangeListener$ChangeNotificationProcessorThread)
[2022-11-01 23:22:43,243] INFO [feature-zk-node-event-process-thread]: Stopped (kafka.server.FinalizedFeatureChangeListener$ChangeNotificationProcessorThread)
[2022-11-01 23:22:43,243] INFO [feature-zk-node-event-process-thread]: Shutdown completed (kafka.server.FinalizedFeatureChangeListener$ChangeNotificationProcessorThread)
[2022-11-01 23:22:43,245] INFO [ZooKeeperClient Kafka server] Closing. (kafka.zookeeper.ZooKeeperClient)
[2022-11-01 23:22:44,192] INFO Opening socket connection to server localhost/127.0.0.1:2181. (org.apache.zookeeper.ClientCnxn)
[2022-11-01 23:22:44,194] WARN An exception was thrown while closing send thread for session 0x100000aa0070000. (org.apache.zookeeper.ClientCnxn)
java.net.ConnectException: Connection refused
	at sun.nio.ch.SocketChannelImpl.checkConnect(Native Method)
	at sun.nio.ch.SocketChannelImpl.finishConnect(SocketChannelImpl.java:716)
	at org.apache.zookeeper.ClientCnxnSocketNIO.doTransport(ClientCnxnSocketNIO.java:344)
	at org.apache.zookeeper.ClientCnxn$SendThread.run(ClientCnxn.java:1290)
[2022-11-01 23:22:44,298] INFO Session: 0x100000aa0070000 closed (org.apache.zookeeper.ZooKeeper)
[2022-11-01 23:22:44,298] INFO EventThread shut down for session: 0x100000aa0070000 (org.apache.zookeeper.ClientCnxn)
[2022-11-01 23:22:44,300] INFO [ZooKeeperClient Kafka server] Closed. (kafka.zookeeper.ZooKeeperClient)
[2022-11-01 23:22:44,301] INFO [ThrottledChannelReaper-Fetch]: Shutting down (kafka.server.ClientQuotaManager$ThrottledChannelReaper)
[2022-11-01 23:22:44,307] INFO [ThrottledChannelReaper-Fetch]: Stopped (kafka.server.ClientQuotaManager$ThrottledChannelReaper)
[2022-11-01 23:22:44,307] INFO [ThrottledChannelReaper-Fetch]: Shutdown completed (kafka.server.ClientQuotaManager$ThrottledChannelReaper)
[2022-11-01 23:22:44,308] INFO [ThrottledChannelReaper-Produce]: Shutting down (kafka.server.ClientQuotaManager$ThrottledChannelReaper)
[2022-11-01 23:22:44,309] INFO [ThrottledChannelReaper-Produce]: Stopped (kafka.server.ClientQuotaManager$ThrottledChannelReaper)
[2022-11-01 23:22:44,309] INFO [ThrottledChannelReaper-Produce]: Shutdown completed (kafka.server.ClientQuotaManager$ThrottledChannelReaper)
[2022-11-01 23:22:44,310] INFO [ThrottledChannelReaper-Request]: Shutting down (kafka.server.ClientQuotaManager$ThrottledChannelReaper)
[2022-11-01 23:22:44,310] INFO [ThrottledChannelReaper-Request]: Stopped (kafka.server.ClientQuotaManager$ThrottledChannelReaper)
[2022-11-01 23:22:44,310] INFO [ThrottledChannelReaper-Request]: Shutdown completed (kafka.server.ClientQuotaManager$ThrottledChannelReaper)
[2022-11-01 23:22:44,312] INFO [ThrottledChannelReaper-ControllerMutation]: Shutting down (kafka.server.ClientQuotaManager$ThrottledChannelReaper)
[2022-11-01 23:22:44,313] INFO [ThrottledChannelReaper-ControllerMutation]: Stopped (kafka.server.ClientQuotaManager$ThrottledChannelReaper)
[2022-11-01 23:22:44,313] INFO [ThrottledChannelReaper-ControllerMutation]: Shutdown completed (kafka.server.ClientQuotaManager$ThrottledChannelReaper)
[2022-11-01 23:22:44,315] INFO [SocketServer listenerType=ZK_BROKER, nodeId=0] Shutting down socket server (kafka.network.SocketServer)
[2022-11-01 23:22:44,352] INFO [SocketServer listenerType=ZK_BROKER, nodeId=0] Shutdown completed (kafka.network.SocketServer)
[2022-11-01 23:22:44,354] INFO Metrics scheduler closed (org.apache.kafka.common.metrics.Metrics)
[2022-11-01 23:22:44,354] INFO Closing reporter org.apache.kafka.common.metrics.JmxReporter (org.apache.kafka.common.metrics.Metrics)
[2022-11-01 23:22:44,355] INFO Metrics reporters closed (org.apache.kafka.common.metrics.Metrics)
[2022-11-01 23:22:44,359] INFO Broker and topic stats closed (kafka.server.BrokerTopicStats)
[2022-11-01 23:22:44,361] INFO App info kafka.server for 0 unregistered (org.apache.kafka.common.utils.AppInfoParser)
[2022-11-01 23:22:44,363] INFO [KafkaServer id=0] shut down completed (kafka.server.KafkaServer)
